{"level":"info","message":"[SUPABASE] client initilaized","project":"https://optmuucjztmopaskriyo.supabase.co","timestamp":"2026-05-27T04:58:20.174Z"}
{"level":"info","message":"[Duffel] Client initalized - mode: TEST 🟡","timestamp":"2026-05-27T04:58:20.291Z"}
{"level":"info","message":"[Payment] Provider: Stripe (Development Mode)","timestamp":"2026-05-27T04:58:20.376Z"}
{"api":"/api/v1","env":"development","level":"info","message":"OTA Server running on port 5000","timestamp":"2026-05-27T04:58:20.389Z"}
{"ip":"::1","level":"error","message":"[GET] /api/v1/flights/offers?offerRequestId=orq_0000B6gfw09mA7UmwV2SC8&sortBy=total_amount The resource you are trying to access does not exist.","statusCode":502,"timestamp":"2026-05-27T04:58:58.879Z","userId":"unauthenticated"}
{"level":"http","message":"GET /api/v1/flights/offers?offerRequestId=orq_0000B6gfw09mA7UmwV2SC8&sortBy=total_amount 502 900 - 612.462 ms","timestamp":"2026-05-27T04:58:58.884Z"}
{"level":"http","message":"POST /api/v1/flights/search 200 - - 1553.518 ms","timestamp":"2026-05-27T04:59:54.944Z"}
{"ip":"::1","level":"error","message":"[GET] /api/v1/flights/offers?offerRequestId=orq_0000B6iBKfW59LLTN1dpdA&sortBy=total_amount response is not async iterable","statusCode":502,"timestamp":"2026-05-27T05:00:41.389Z","userId":"unauthenticated"}
{"level":"http","message":"GET /api/v1/flights/offers?offerRequestId=orq_0000B6iBKfW59LLTN1dpdA&sortBy=total_amount 502 623 - 563.779 ms","timestamp":"2026-05-27T05:00:41.390Z"}
{"level":"info","message":"[SUPABASE] client initilaized","project":"https://optmuucjztmopaskriyo.supabase.co","timestamp":"2026-05-27T05:06:39.075Z"}
{"level":"info","message":"[Duffel] Client initalized - mode: TEST 🟡","timestamp":"2026-05-27T05:06:39.196Z"}
{"level":"info","message":"[Payment] Provider: Stripe (Development Mode)","timestamp":"2026-05-27T05:06:39.279Z"}
{"api":"/api/v1","env":"development","level":"info","message":"OTA Server running on port 5000","timestamp":"2026-05-27T05:06:39.291Z"}
{"level":"info","message":"[SUPABASE] client initilaized","project":"https://optmuucjztmopaskriyo.supabase.co","timestamp":"2026-05-27T05:07:17.638Z"}
{"level":"info","message":"[Duffel] Client initalized - mode: TEST 🟡","timestamp":"2026-05-27T05:07:17.707Z"}
{"level":"info","message":"[Payment] Provider: Stripe (Development Mode)","timestamp":"2026-05-27T05:07:17.746Z"}
{"api":"/api/v1","env":"development","level":"info","message":"OTA Server running on port 5000","timestamp":"2026-05-27T05:07:17.755Z"}
{"level":"info","message":"[SUPABASE] client initilaized","project":"https://optmuucjztmopaskriyo.supabase.co","timestamp":"2026-05-27T05:07:26.602Z"}
{"level":"info","message":"[Duffel] Client initalized - mode: TEST 🟡","timestamp":"2026-05-27T05:07:26.669Z"}
{"level":"info","message":"[Payment] Provider: Stripe (Development Mode)","timestamp":"2026-05-27T05:07:26.710Z"}
{"api":"/api/v1","env":"development","level":"info","message":"OTA Server running on port 5000","timestamp":"2026-05-27T05:07:26.719Z"}
{"ip":"::1","level":"error","message":"[GET] /api/v1/flights/offers?offerRequestId=orq_0000B6iBKfW59LLTN1dpdA&sortBy=total_amount duffel.offers.list(...) is not a function or its return value is not async iterable","statusCode":502,"timestamp":"2026-05-27T05:07:30.647Z","userId":"unauthenticated"}
{"level":"http","message":"GET /api/v1/flights/offers?offerRequestId=orq_0000B6iBKfW59LLTN1dpdA&sortBy=total_amount 502 729 - 526.084 ms","timestamp":"2026-05-27T05:07:30.651Z"}
{"level":"info","message":"[SUPABASE] client initilaized","project":"https://optmuucjztmopaskriyo.supabase.co","timestamp":"2026-05-27T05:07:46.337Z"}
{"level":"info","message":"[Duffel] Client initalized - mode: TEST 🟡","timestamp":"2026-05-27T05:07:46.402Z"}
{"level":"info","message":"[Payment] Provider: Stripe (Development Mode)","timestamp":"2026-05-27T05:07:46.440Z"}
{"api":"/api/v1","env":"development","level":"info","message":"OTA Server running on port 5000","timestamp":"2026-05-27T05:07:46.449Z"}
{"level":"info","message":"[SUPABASE] client initilaized","project":"https://optmuucjztmopaskriyo.supabase.co","timestamp":"2026-05-27T05:07:55.845Z"}
{"level":"info","message":"[Duffel] Client initalized - mode: TEST 🟡","timestamp":"2026-05-27T05:07:55.911Z"}
{"level":"info","message":"[Payment] Provider: Stripe (Development Mode)","timestamp":"2026-05-27T05:07:55.953Z"}
{"api":"/api/v1","env":"development","level":"info","message":"OTA Server running on port 5000","timestamp":"2026-05-27T05:07:55.962Z"}
{"ip":"::1","level":"error","message":"[GET] /api/v1/flights/offers?offerRequestId=orq_0000B6iBKfW59LLTN1dpdA&sortBy=total_amount duffel.offers.list(...) is not a function or its return value is not async iterable","statusCode":502,"timestamp":"2026-05-27T05:07:59.819Z","userId":"unauthenticated"}
{"level":"http","message":"GET /api/v1/flights/offers?offerRequestId=orq_0000B6iBKfW59LLTN1dpdA&sortBy=total_amount 502 - - 22.599 ms","timestamp":"2026-05-27T05:07:59.826Z"}
{"level":"info","message":"[Duffel] Client initalized - mode: TEST 🟡","timestamp":"2026-05-27T05:08:57.528Z"}
{"level":"info","message":"[SUPABASE] client initilaized","project":"https://optmuucjztmopaskriyo.supabase.co","timestamp":"2026-05-27T05:10:25.389Z"}
{"level":"info","message":"[Duffel] Client initalized - mode: TEST 🟡","timestamp":"2026-05-27T05:10:25.455Z"}
{"level":"info","message":"[Payment] Provider: Stripe (Development Mode)","timestamp":"2026-05-27T05:10:25.497Z"}
{"api":"/api/v1","env":"development","level":"info","message":"OTA Server running on port 5000","timestamp":"2026-05-27T05:10:25.505Z"}
{"ip":"::1","level":"error","message":"[GET] /api/v1/flights/offers?offerRequestId=orq_0000B6iBKfW59LLTN1dpdA&sortBy=total_amount duffel.offers.list(...).iter(...) is not a function or its return value is not async iterable","statusCode":502,"timestamp":"2026-05-27T05:10:28.974Z","userId":"unauthenticated"}
{"level":"http","message":"GET /api/v1/flights/offers?offerRequestId=orq_0000B6iBKfW59LLTN1dpdA&sortBy=total_amount 502 - - 24.956 ms","timestamp":"2026-05-27T05:10:28.989Z"}
{"level":"info","message":"[Duffel] Client initalized - mode: TEST 🟡","timestamp":"2026-05-27T05:11:46.130Z"}
{"level":"info","message":"[SUPABASE] client initilaized","project":"https://optmuucjztmopaskriyo.supabase.co","timestamp":"2026-05-27T05:12:35.844Z"}
{"level":"info","message":"[Duffel] Client initalized - mode: TEST 🟡","timestamp":"2026-05-27T05:12:35.911Z"}
{"level":"info","message":"[Payment] Provider: Stripe (Development Mode)","timestamp":"2026-05-27T05:12:35.951Z"}
{"api":"/api/v1","env":"development","level":"info","message":"OTA Server running on port 5000","timestamp":"2026-05-27T05:12:35.961Z"}
{"level":"info","message":"[SUPABASE] client initilaized","project":"https://optmuucjztmopaskriyo.supabase.co","timestamp":"2026-05-27T05:13:02.157Z"}
{"level":"info","message":"[Duffel] Client initalized - mode: TEST 🟡","timestamp":"2026-05-27T05:13:02.225Z"}
{"level":"info","message":"[Payment] Provider: Stripe (Development Mode)","timestamp":"2026-05-27T05:13:02.266Z"}
{"api":"/api/v1","env":"development","level":"info","message":"OTA Server running on port 5000","timestamp":"2026-05-27T05:13:02.276Z"}
{"level":"info","message":"[SUPABASE] client initilaized","project":"https://optmuucjztmopaskriyo.supabase.co","timestamp":"2026-05-27T05:13:12.174Z"}
{"level":"info","message":"[Duffel] Client initalized - mode: TEST 🟡","timestamp":"2026-05-27T05:13:12.239Z"}
{"level":"info","message":"[Payment] Provider: Stripe (Development Mode)","timestamp":"2026-05-27T05:13:12.281Z"}
{"api":"/api/v1","env":"development","level":"info","message":"OTA Server running on port 5000","timestamp":"2026-05-27T05:13:12.291Z"}
{"level":"info","message":"[SUPABASE] client initilaized","project":"https://optmuucjztmopaskriyo.supabase.co","timestamp":"2026-05-27T05:13:13.837Z"}
{"level":"info","message":"[Duffel] Client initalized - mode: TEST 🟡","timestamp":"2026-05-27T05:13:13.904Z"}
{"level":"info","message":"[Payment] Provider: Stripe (Development Mode)","timestamp":"2026-05-27T05:13:13.945Z"}
{"api":"/api/v1","env":"development","level":"info","message":"OTA Server running on port 5000","timestamp":"2026-05-27T05:13:13.954Z"}
{"level":"http","message":"GET /api/v1/flights/offers?offerRequestId=orq_0000B6iBKfW59LLTN1dpdA&sortBy=total_amount 200 - - 652.532 ms","timestamp":"2026-05-27T05:13:18.134Z"}
{"level":"http","message":"GET /api/v1/flights/offers/off_0000B6iBKfjkNIwJNC80As 200 - - 730.933 ms","timestamp":"2026-05-27T05:25:31.609Z"}
{"level":"http","message":"GET /api/v1/flights/offers/off_0000B6iBKfjkNIwJNC80As/seat-map 200 57 - 563.493 ms","timestamp":"2026-05-27T05:25:48.607Z"}
{"level":"info","message":"[SUPABASE] client initilaized","project":"https://optmuucjztmopaskriyo.supabase.co","timestamp":"2026-05-27T05:29:10.816Z"}
{"level":"info","message":"[Duffel] Client initalized - mode: TEST 🟡","timestamp":"2026-05-27T05:29:10.882Z"}
{"level":"info","message":"[Payment] Provider: Stripe (Development Mode)","timestamp":"2026-05-27T05:29:10.920Z"}
{"api":"/api/v1","env":"development","level":"info","message":"OTA Server running on port 5000","timestamp":"2026-05-27T05:29:10.929Z"}
{"ip":"::1","level":"error","message":"[GET] /api/v1/flights/offers/off_0000B6iBKfjkNIwJNC80As/seat-map Cannot find module '../config/logger'\nRequire stack:\n- E:\\git clone\\OTA\\backend\\src\\integrations\\duffel\\flight.integration.js\n- E:\\git clone\\OTA\\backend\\src\\services\\flight.services.js\n- E:\\git clone\\OTA\\backend\\src\\controllers\\flight.controller.js\n- E:\\git clone\\OTA\\backend\\src\\routes\\flight.routes.js\n- E:\\git clone\\OTA\\backend\\src\\routes\\index.js\n- E:\\git clone\\OTA\\backend\\src\\app.js\n- E:\\git clone\\OTA\\backend\\src\\server.js","timestamp":"2026-05-27T05:29:15.328Z","userId":"unauthenticated"}
{"level":"http","message":"GET /api/v1/flights/offers/off_0000B6iBKfjkNIwJNC80As/seat-map 500 - - 491.128 ms","timestamp":"2026-05-27T05:29:15.336Z"}
{"level":"info","message":"[SUPABASE] client initilaized","project":"https://optmuucjztmopaskriyo.supabase.co","timestamp":"2026-05-27T05:29:36.934Z"}
{"level":"info","message":"[Duffel] Client initalized - mode: TEST 🟡","timestamp":"2026-05-27T05:29:36.997Z"}
{"level":"info","message":"[Payment] Provider: Stripe (Development Mode)","timestamp":"2026-05-27T05:29:37.034Z"}
{"api":"/api/v1","env":"development","level":"info","message":"OTA Server running on port 5000","timestamp":"2026-05-27T05:29:37.043Z"}
{"level":"info","message":"[SUPABASE] client initilaized","project":"https://optmuucjztmopaskriyo.supabase.co","timestamp":"2026-05-27T05:29:54.432Z"}
{"level":"info","message":"[Duffel] Client initalized - mode: TEST 🟡","timestamp":"2026-05-27T05:29:54.496Z"}
{"level":"info","message":"[Payment] Provider: Stripe (Development Mode)","timestamp":"2026-05-27T05:29:54.552Z"}
{"api":"/api/v1","env":"development","level":"info","message":"OTA Server running on port 5000","timestamp":"2026-05-27T05:29:54.563Z"}
{"level":"warn","message":"[SeatMap] Duffel returned empty seat map for offer off_0000B6iBKfjkNIwJNC80As. The airline may not support seat map data, or this offer uses a carrier not enabled for seat maps in development mode.","timestamp":"2026-05-27T05:29:56.834Z"}
{"level":"http","message":"GET /api/v1/flights/offers/off_0000B6iBKfjkNIwJNC80As/seat-map 200 57 - 482.068 ms","timestamp":"2026-05-27T05:29:56.836Z"}
{"level":"info","message":"[SUPABASE] client initilaized","project":"https://optmuucjztmopaskriyo.supabase.co","timestamp":"2026-05-27T05:31:07.932Z"}
{"level":"info","message":"[Duffel] Client initalized - mode: TEST 🟡","timestamp":"2026-05-27T05:31:08.019Z"}
{"level":"info","message":"[Payment] Provider: Stripe (Development Mode)","timestamp":"2026-05-27T05:31:08.083Z"}
{"api":"/api/v1","env":"development","level":"info","message":"OTA Server running on port 5000","timestamp":"2026-05-27T05:31:08.112Z"}
{"level":"info","message":"[SUPABASE] client initilaized","project":"https://optmuucjztmopaskriyo.supabase.co","timestamp":"2026-05-27T05:31:25.834Z"}
{"level":"info","message":"[Duffel] Client initalized - mode: TEST 🟡","timestamp":"2026-05-27T05:31:25.915Z"}
{"level":"info","message":"[Payment] Provider: Stripe (Development Mode)","timestamp":"2026-05-27T05:31:25.965Z"}
{"api":"/api/v1","env":"development","level":"info","message":"OTA Server running on port 5000","timestamp":"2026-05-27T05:31:25.977Z"}
{"level":"warn","message":"[SeatMap] Duffel returned empty seat map for offer off_0000B6iBKfjkNIwJNC80As. The airline may not support seat map data, or this offer uses a carrier not enabled for seat maps in development mode.","timestamp":"2026-05-27T05:31:29.945Z"}
{"level":"http","message":"GET /api/v1/flights/offers/off_0000B6iBKfjkNIwJNC80As/seat-map 200 252 - 504.930 ms","timestamp":"2026-05-27T05:31:29.949Z"}
{"level":"http","message":"POST /api/v1/flights/search 200 - - 898.171 ms","timestamp":"2026-05-27T05:32:16.171Z"}
{"ip":"::1","level":"error","message":"[GET] /api/v1/flights/offers?offerRequestId=orq_0000B6iEDkkXhk0qzzp7xU&sortBy=total_amount response is not async iterable","statusCode":502,"timestamp":"2026-05-27T05:32:30.116Z","userId":"unauthenticated"}
{"level":"http","message":"GET /api/v1/flights/offers?offerRequestId=orq_0000B6iEDkkXhk0qzzp7xU&sortBy=total_amount 502 623 - 531.512 ms","timestamp":"2026-05-27T05:32:30.118Z"}
{"level":"info","message":"[SUPABASE] client initilaized","project":"https://optmuucjztmopaskriyo.supabase.co","timestamp":"2026-05-27T05:33:27.454Z"}
{"level":"info","message":"[Duffel] Client initalized - mode: TEST 🟡","timestamp":"2026-05-27T05:33:27.520Z"}
{"level":"info","message":"[Payment] Provider: Stripe (Development Mode)","timestamp":"2026-05-27T05:33:27.565Z"}
{"api":"/api/v1","env":"development","level":"info","message":"OTA Server running on port 5000","timestamp":"2026-05-27T05:33:27.580Z"}
{"level":"info","message":"[SUPABASE] client initilaized","project":"https://optmuucjztmopaskriyo.supabase.co","timestamp":"2026-05-27T05:33:41.078Z"}
{"level":"info","message":"[Duffel] Client initalized - mode: TEST 🟡","timestamp":"2026-05-27T05:33:41.145Z"}
{"level":"info","message":"[Payment] Provider: Stripe (Development Mode)","timestamp":"2026-05-27T05:33:41.184Z"}
{"api":"/api/v1","env":"development","level":"info","message":"OTA Server running on port 5000","timestamp":"2026-05-27T05:33:41.195Z"}
{"level":"http","message":"GET /api/v1/flights/offers?offerRequestId=orq_0000B6iEDkkXhk0qzzp7xU&sortBy=total_amount 200 - - 510.939 ms","timestamp":"2026-05-27T05:33:45.078Z"}
{"level":"http","message":"GET /api/v1/flights/offers/off_0000B6iEDkwwxbwBcTd2I7 200 - - 571.693 ms","timestamp":"2026-05-27T05:33:51.112Z"}
{"level":"http","message":"GET /api/v1/flights/offers/off_0000B6iEDkwwxbwBcTd2I7/seat-map 200 - - 476.195 ms","timestamp":"2026-05-27T05:34:01.152Z"}
{"ip":"::1","level":"error","message":"[POST] /api/v1/flights/book Failed to save the traveler details","statusCode":500,"timestamp":"2026-05-27T05:34:17.578Z","userId":"436fb210-e8e0-466b-bcdd-2eda883649b0"}
{"level":"http","message":"POST /api/v1/flights/book 500 602 - 2910.459 ms","timestamp":"2026-05-27T05:34:17.580Z"}
{"level":"http","message":"POST /api/v1/flights/search 200 - - 863.146 ms","timestamp":"2026-05-27T05:35:33.719Z"}
{"level":"http","message":"GET /api/v1/flights/offers?offerRequestId=orq_0000B6iEVyPJYPZB0VYewq&sortBy=total_amount 200 - - 462.800 ms","timestamp":"2026-05-27T05:35:40.580Z"}
{"level":"http","message":"GET /api/v1/flights/offers/off_0000B6iEVydKl3Rb1mD72o 200 - - 651.371 ms","timestamp":"2026-05-27T05:35:51.332Z"}
{"level":"http","message":"GET /api/v1/flights/offers/off_0000B6iEVydKl3Rb1mD72o/seat-map 200 - - 464.576 ms","timestamp":"2026-05-27T05:35:55.530Z"}
{"ip":"::1","level":"error","message":"[POST] /api/v1/flights/book Failed to save the traveler details","statusCode":500,"timestamp":"2026-05-27T05:35:59.952Z","userId":"436fb210-e8e0-466b-bcdd-2eda883649b0"}
{"level":"http","message":"POST /api/v1/flights/book 500 602 - 1565.018 ms","timestamp":"2026-05-27T05:35:59.952Z"}
{"bookingId":"5270c024-334f-4f39-8d3e-0e2f93caa24c","level":"info","message":"[FlightService] Booking initiated: OTA-FLT-20260527-6N8C","timestamp":"2026-05-27T05:43:42.289Z","userId":"436fb210-e8e0-466b-bcdd-2eda883649b0"}
{"level":"http","message":"POST /api/v1/flights/book 201 369 - 1758.974 ms","timestamp":"2026-05-27T05:43:42.290Z"}
{"level":"http","message":"GET /api/v1/flights/bookings?page=1&limit=10 200 - - 412.744 ms","timestamp":"2026-05-27T05:43:49.264Z"}
{"level":"http","message":"GET /api/v1/flights/bookings?status=PENDING_PAYMENT 200 - - 159.759 ms","timestamp":"2026-05-27T05:43:54.708Z"}
{"ip":"::1","level":"error","message":"[POST] /api/v1/payments/initiate Validation failed","statusCode":422,"timestamp":"2026-05-27T05:44:10.398Z","userId":"436fb210-e8e0-466b-bcdd-2eda883649b0"}
{"level":"http","message":"POST /api/v1/payments/initiate 422 729 - 2.897 ms","timestamp":"2026-05-27T05:44:10.399Z"}
{"level":"info","message":"[PaymentService] Payment initiated for OTA-FLT-20260527-6N8C via stripe","timestamp":"2026-05-27T05:44:32.062Z"}
{"level":"http","message":"POST /api/v1/payments/initiate 201 772 - 1525.941 ms","timestamp":"2026-05-27T05:44:32.062Z"}
{"ip":"::1","level":"error","message":"[POST] /api/v1/payments/confirm Field 'payments' must match the order total amount","statusCode":502,"timestamp":"2026-05-27T05:47:22.214Z","userId":"436fb210-e8e0-466b-bcdd-2eda883649b0"}
{"level":"http","message":"POST /api/v1/payments/confirm 502 - - 3093.056 ms","timestamp":"2026-05-27T05:47:22.215Z"}
{"ip":"::1","level":"error","message":"[POST] /api/v1/payments/confirm Field 'payments' must match the order total amount","statusCode":502,"timestamp":"2026-05-27T05:47:57.347Z","userId":"436fb210-e8e0-466b-bcdd-2eda883649b0"}
{"level":"http","message":"POST /api/v1/payments/confirm 502 - - 2107.139 ms","timestamp":"2026-05-27T05:47:57.348Z"}
{"level":"http","message":"GET /api/v1/flights/bookings?status=PENDING_PAYMENT 200 143 - 750.311 ms","timestamp":"2026-05-27T05:51:00.465Z"}
{"ip":"::1","level":"error","message":"[POST] /api/v1/payments/confirm Field 'payments' must match the order total amount","statusCode":502,"timestamp":"2026-05-27T05:51:09.788Z","userId":"436fb210-e8e0-466b-bcdd-2eda883649b0"}
{"level":"http","message":"POST /api/v1/payments/confirm 502 - - 2408.710 ms","timestamp":"2026-05-27T05:51:09.791Z"}
{"level":"info","message":"[SUPABASE] client initilaized","project":"https://optmuucjztmopaskriyo.supabase.co","timestamp":"2026-05-27T05:54:49.546Z"}
{"level":"info","message":"[Duffel] Client initalized - mode: TEST 🟡","timestamp":"2026-05-27T05:54:49.617Z"}
{"level":"info","message":"[Payment] Provider: Stripe (Development Mode)","timestamp":"2026-05-27T05:54:49.656Z"}
{"api":"/api/v1","env":"development","level":"info","message":"OTA Server running on port 5000","timestamp":"2026-05-27T05:54:49.665Z"}
{"level":"warn","message":"[FlightService] Price changed for booking OTA-FLT-20260527-6N8C: stored=62.37, live=102.37","timestamp":"2026-05-27T05:55:11.249Z"}
{"level":"info","message":"[FlightService] Booking confirmed: OTA-FLT-20260527-6N8C","orderId":"ord_0000B6iGGfUppJqFEv3yu8","timestamp":"2026-05-27T05:55:12.255Z"}
{"level":"info","message":"[PaymentService] Payment confirmed for booking: OTA-FLT-20260527-6N8C","timestamp":"2026-05-27T05:55:12.514Z"}
{"level":"http","message":"POST /api/v1/payments/confirm 200 164 - 3540.479 ms","timestamp":"2026-05-27T05:55:12.517Z"}
{"bookingRef":"OTA-FLT-20260527-6N8C","err":"Cannot find module '@sendgrid/mail'\nRequire stack:\n- E:\\git clone\\OTA\\backend\\src\\config\\email.config.js\n- E:\\git clone\\OTA\\backend\\src\\services\\email.services.js\n- E:\\git clone\\OTA\\backend\\src\\services\\payment.services.js\n- E:\\git clone\\OTA\\backend\\src\\controllers\\payment.controller.js\n- E:\\git clone\\OTA\\backend\\src\\routes\\payment-webhook.routes.js\n- E:\\git clone\\OTA\\backend\\src\\routes\\index.js\n- E:\\git clone\\OTA\\backend\\src\\app.js\n- E:\\git clone\\OTA\\backend\\src\\server.js","level":"error","message":"[EmailService] paymentReceived failed","timestamp":"2026-05-27T05:55:12.626Z","userId":"436fb210-e8e0-466b-bcdd-2eda883649b0"}
{"level":"http","message":"GET /api/v1/payments/5270c024-334f-4f39-8d3e-0e2f93caa24c/status 200 204 - 529.202 ms","timestamp":"2026-05-27T05:58:31.927Z"}
{"ip":"::1","level":"error","message":"[GET] /api/v1/api/v1/flights/bookings?page=1&limit=10&status=CONFIRMED Route not found: GET /api/v1/api/v1/flights/bookings?page=1&limit=10&status=CONFIRMED","statusCode":404,"timestamp":"2026-05-27T05:59:03.478Z","userId":"unauthenticated"}
{"level":"http","message":"GET /api/v1/api/v1/flights/bookings?page=1&limit=10&status=CONFIRMED 404 - - 0.950 ms","timestamp":"2026-05-27T05:59:03.480Z"}
{"ip":"::1","level":"error","message":"[GET] /api/v1/api/v1/flights/bookings/5270c024-334f-4f39-8d3e-0e2f93caa24c Route not found: GET /api/v1/api/v1/flights/bookings/5270c024-334f-4f39-8d3e-0e2f93caa24c","statusCode":404,"timestamp":"2026-05-27T06:00:21.674Z","userId":"unauthenticated"}
{"level":"http","message":"GET /api/v1/api/v1/flights/bookings/5270c024-334f-4f39-8d3e-0e2f93caa24c 404 - - 0.608 ms","timestamp":"2026-05-27T06:00:21.676Z"}
{"ip":"::1","level":"error","message":"[GET] /api/v1/api/v1/flights/bookings/5270c024-334f-4f39-8d3e-0e2f93caa24c/cancel Route not found: GET /api/v1/api/v1/flights/bookings/5270c024-334f-4f39-8d3e-0e2f93caa24c/cancel","statusCode":404,"timestamp":"2026-05-27T06:01:11.054Z","userId":"unauthenticated"}
{"level":"http","message":"GET /api/v1/api/v1/flights/bookings/5270c024-334f-4f39-8d3e-0e2f93caa24c/cancel 404 - - 0.946 ms","timestamp":"2026-05-27T06:01:11.056Z"}
{"ip":"::1","level":"error","message":"[POST] /api/v1/api/v1/flights/bookings/5270c024-334f-4f39-8d3e-0e2f93caa24c/change-request Route not found: POST /api/v1/api/v1/flights/bookings/5270c024-334f-4f39-8d3e-0e2f93caa24c/change-request","statusCode":404,"timestamp":"2026-05-27T06:01:59.334Z","userId":"unauthenticated"}
{"level":"http","message":"POST /api/v1/api/v1/flights/bookings/5270c024-334f-4f39-8d3e-0e2f93caa24c/change-request 404 - - 0.653 ms","timestamp":"2026-05-27T06:01:59.335Z"}
{"ip":"::1","level":"error","message":"[POST] /api/v1/api/v1/flights/bookings/5270c024-334f-4f39-8d3e-0e2f93caa24c/cancel Route not found: POST /api/v1/api/v1/flights/bookings/5270c024-334f-4f39-8d3e-0e2f93caa24c/cancel","statusCode":404,"timestamp":"2026-05-27T06:02:14.279Z","userId":"unauthenticated"}
{"level":"http","message":"POST /api/v1/api/v1/flights/bookings/5270c024-334f-4f39-8d3e-0e2f93caa24c/cancel 404 - - 0.826 ms","timestamp":"2026-05-27T06:02:14.280Z"}
{"ip":"::1","level":"error","message":"[POST] /api/v1/api/v1/flights/bookings/5270c024-334f-4f39-8d3e-0e2f93caa24c/change-offers?orderChangeRequestId Route not found: POST /api/v1/api/v1/flights/bookings/5270c024-334f-4f39-8d3e-0e2f93caa24c/change-offers?orderChangeRequestId","statusCode":404,"timestamp":"2026-05-27T06:02:42.328Z","userId":"unauthenticated"}
{"level":"http","message":"POST /api/v1/api/v1/flights/bookings/5270c024-334f-4f39-8d3e-0e2f93caa24c/change-offers?orderChangeRequestId 404 - - 0.714 ms","timestamp":"2026-05-27T06:02:42.329Z"}
{"ip":"::1","level":"error","message":"[GET] /api/v1/api/v1/flights/bookings/5270c024-334f-4f39-8d3e-0e2f93caa24c/change-offers?orderChangeRequestId Route not found: GET /api/v1/api/v1/flights/bookings/5270c024-334f-4f39-8d3e-0e2f93caa24c/change-offers?orderChangeRequestId","statusCode":404,"timestamp":"2026-05-27T06:02:47.898Z","userId":"unauthenticated"}
{"level":"http","message":"GET /api/v1/api/v1/flights/bookings/5270c024-334f-4f39-8d3e-0e2f93caa24c/change-offers?orderChangeRequestId 404 - - 0.886 ms","timestamp":"2026-05-27T06:02:47.900Z"}
{"ip":"::1","level":"error","message":"[POST] /api/v1/api/v1/flights/bookings/5270c024-334f-4f39-8d3e-0e2f93caa24c/change/confirm?orderChangeRequestId Route not found: POST /api/v1/api/v1/flights/bookings/5270c024-334f-4f39-8d3e-0e2f93caa24c/change/confirm?orderChangeRequestId","statusCode":404,"timestamp":"2026-05-27T06:03:17.298Z","userId":"unauthenticated"}
{"level":"http","message":"POST /api/v1/api/v1/flights/bookings/5270c024-334f-4f39-8d3e-0e2f93caa24c/change/confirm?orderChangeRequestId 404 - - 0.977 ms","timestamp":"2026-05-27T06:03:17.300Z"}
{"ip":"::1","level":"error","message":"[POST] /api/v1/api/v1/payments/5270c024-334f-4f39-8d3e-0e2f93caa24c/refund Route not found: POST /api/v1/api/v1/payments/5270c024-334f-4f39-8d3e-0e2f93caa24c/refund","statusCode":404,"timestamp":"2026-05-27T06:03:52.646Z","userId":"unauthenticated"}
{"level":"http","message":"POST /api/v1/api/v1/payments/5270c024-334f-4f39-8d3e-0e2f93caa24c/refund 404 - - 0.689 ms","timestamp":"2026-05-27T06:03:52.647Z"}
{"level":"info","message":"[SUPABASE] client initilaized","project":"https://optmuucjztmopaskriyo.supabase.co","timestamp":"2026-05-27T06:06:01.501Z"}
{"level":"info","message":"[Duffel] Client initalized - mode: TEST 🟡","timestamp":"2026-05-27T06:06:01.578Z"}
{"level":"info","message":"[Payment] Provider: Stripe (Development Mode)","timestamp":"2026-05-27T06:06:01.631Z"}
{"api":"/api/v1","env":"development","level":"info","message":"OTA Server running on port 5000","timestamp":"2026-05-27T06:06:01.642Z"}
{"ip":"::1","level":"error","message":"[POST] /api/v1/api/v1/stays/search Route not found: POST /api/v1/api/v1/stays/search","statusCode":404,"timestamp":"2026-05-27T06:06:05.150Z","userId":"unauthenticated"}
{"level":"http","message":"POST /api/v1/api/v1/stays/search 404 - - 1.799 ms","timestamp":"2026-05-27T06:06:05.155Z"}
{"ip":"::1","level":"error","message":"[POST] /api/v1/stays/search Validation failed","statusCode":422,"timestamp":"2026-05-27T06:06:39.329Z","userId":"unauthenticated"}
{"level":"http","message":"POST /api/v1/stays/search 422 985 - 5.715 ms","timestamp":"2026-05-27T06:06:39.330Z"}
{"ip":"::1","level":"error","message":"[POST] /api/v1/stays/search duffel.stays.searchResults.create is not a function","statusCode":502,"timestamp":"2026-05-27T06:07:54.894Z","userId":"unauthenticated"}
{"level":"http","message":"POST /api/v1/stays/search 502 - - 2.752 ms","timestamp":"2026-05-27T06:07:54.897Z"}
{"level":"info","message":"[SUPABASE] client initilaized","project":"https://optmuucjztmopaskriyo.supabase.co","timestamp":"2026-05-27T06:09:16.854Z"}
{"level":"info","message":"[Duffel] Client initalized - mode: TEST 🟡","timestamp":"2026-05-27T06:09:16.924Z"}
{"level":"info","message":"[Payment] Provider: Stripe (Development Mode)","timestamp":"2026-05-27T06:09:16.965Z"}
{"api":"/api/v1","env":"development","level":"info","message":"OTA Server running on port 5000","timestamp":"2026-05-27T06:09:16.974Z"}
{"level":"info","message":"[SUPABASE] client initilaized","project":"https://optmuucjztmopaskriyo.supabase.co","timestamp":"2026-05-27T06:11:54.724Z"}
{"level":"info","message":"[Duffel] Client initalized - mode: TEST 🟡","timestamp":"2026-05-27T06:11:54.784Z"}
{"level":"info","message":"[Payment] Provider: Stripe (Development Mode)","timestamp":"2026-05-27T06:11:54.822Z"}
{"api":"/api/v1","env":"development","level":"info","message":"OTA Server running on port 5000","timestamp":"2026-05-27T06:11:54.830Z"}
{"level":"info","message":"[SUPABASE] client initilaized","project":"https://optmuucjztmopaskriyo.supabase.co","timestamp":"2026-05-27T06:12:23.725Z"}
{"level":"info","message":"[Duffel] Client initalized - mode: TEST 🟡","timestamp":"2026-05-27T06:12:23.798Z"}
{"level":"info","message":"[Payment] Provider: Stripe (Development Mode)","timestamp":"2026-05-27T06:12:23.840Z"}
{"api":"/api/v1","env":"development","level":"info","message":"OTA Server running on port 5000","timestamp":"2026-05-27T06:12:23.850Z"}
{"level":"info","message":"[SUPABASE] client initilaized","project":"https://optmuucjztmopaskriyo.supabase.co","timestamp":"2026-05-27T06:12:32.944Z"}
{"level":"info","message":"[Duffel] Client initalized - mode: TEST 🟡","timestamp":"2026-05-27T06:12:33.009Z"}
{"level":"info","message":"[Payment] Provider: Stripe (Development Mode)","timestamp":"2026-05-27T06:12:33.048Z"}
{"api":"/api/v1","env":"development","level":"info","message":"OTA Server running on port 5000","timestamp":"2026-05-27T06:12:33.057Z"}
{"ip":"::1","level":"error","message":"[POST] /api/v1/stays/search The resource you are trying to access does not exist.","statusCode":502,"timestamp":"2026-05-27T06:12:42.949Z","userId":"unauthenticated"}
{"level":"http","message":"POST /api/v1/stays/search 502 899 - 655.008 ms","timestamp":"2026-05-27T06:12:42.954Z"}
{"level":"info","message":"[SUPABASE] client initilaized","project":"https://optmuucjztmopaskriyo.supabase.co","timestamp":"2026-05-27T06:13:53.938Z"}
{"level":"info","message":"[Duffel] Client initalized - mode: TEST 🟡","timestamp":"2026-05-27T06:13:54.003Z"}
{"level":"info","message":"[Payment] Provider: Stripe (Development Mode)","timestamp":"2026-05-27T06:13:54.042Z"}
{"api":"/api/v1","env":"development","level":"info","message":"OTA Server running on port 5000","timestamp":"2026-05-27T06:13:54.051Z"}
{"ip":"::1","level":"error","message":"[POST] /api/v1/stays/search The resource you are trying to access does not exist.","statusCode":502,"timestamp":"2026-05-27T06:14:00.398Z","userId":"unauthenticated"}
{"level":"http","message":"POST /api/v1/stays/search 502 899 - 1528.043 ms","timestamp":"2026-05-27T06:14:00.403Z"}
{"level":"info","message":"[SUPABASE] client initilaized","project":"https://optmuucjztmopaskriyo.supabase.co","timestamp":"2026-05-27T06:15:37.113Z"}
{"level":"info","message":"[Duffel] Client initalized - mode: TEST 🟡","timestamp":"2026-05-27T06:15:37.178Z"}
{"level":"info","message":"[Payment] Provider: Stripe (Development Mode)","timestamp":"2026-05-27T06:15:37.217Z"}
{"api":"/api/v1","env":"development","level":"info","message":"OTA Server running on port 5000","timestamp":"2026-05-27T06:15:37.225Z"}
{"ip":"::1","level":"error","message":"[POST] /api/v1/stays/search The resource you are trying to access does not exist.","statusCode":502,"timestamp":"2026-05-27T06:15:44.111Z","userId":"unauthenticated"}
{"level":"http","message":"POST /api/v1/stays/search 502 902 - 3492.901 ms","timestamp":"2026-05-27T06:15:44.114Z"}
{"level":"info","message":"[SUPABASE] client initilaized","project":"https://optmuucjztmopaskriyo.supabase.co","timestamp":"2026-05-27T06:17:24.249Z"}
{"level":"info","message":"[Duffel] Client initalized - mode: TEST 🟡","timestamp":"2026-05-27T06:17:24.319Z"}
{"level":"info","message":"[Payment] Provider: Stripe (Development Mode)","timestamp":"2026-05-27T06:17:24.361Z"}
{"api":"/api/v1","env":"development","level":"info","message":"OTA Server running on port 5000","timestamp":"2026-05-27T06:17:24.370Z"}
{"level":"info","message":"[SUPABASE] client initilaized","project":"https://optmuucjztmopaskriyo.supabase.co","timestamp":"2026-05-27T06:18:00.895Z"}
{"level":"info","message":"[Duffel] Client initalized - mode: TEST 🟡","timestamp":"2026-05-27T06:18:00.963Z"}
{"level":"info","message":"[Payment] Provider: Stripe (Development Mode)","timestamp":"2026-05-27T06:18:01.002Z"}
{"api":"/api/v1","env":"development","level":"info","message":"OTA Server running on port 5000","timestamp":"2026-05-27T06:18:01.011Z"}
{"level":"http","message":"POST /api/v1/stays/search 200 251 - 1485.612 ms","timestamp":"2026-05-27T06:18:04.787Z"}
{"level":"http","message":"POST /api/v1/stays/search 200 - - 910.469 ms","timestamp":"2026-05-27T06:35:58.987Z"}
{"level":"http","message":"POST /api/v1/stays/search 200 - - 510.746 ms","timestamp":"2026-05-27T06:36:39.942Z"}
{"level":"http","message":"GET /api/v1/stays/accommodations/acc_0000AWr2VsUNIF1Vl91xg0 200 - - 444.261 ms","timestamp":"2026-05-27T06:37:06.405Z"}
{"ip":"::1","level":"error","message":"[GET] /api/v1/stays/quotes Route not found: GET /api/v1/stays/quotes","statusCode":404,"timestamp":"2026-05-27T06:38:39.372Z","userId":"unauthenticated"}
{"level":"http","message":"GET /api/v1/stays/quotes 404 - - 2.313 ms","timestamp":"2026-05-27T06:38:39.374Z"}
{"ip":"::1","level":"error","message":"[POST] /api/v1/stays/quotes Field 'rate_id' is invalid","statusCode":502,"timestamp":"2026-05-27T06:39:12.007Z","userId":"436fb210-e8e0-466b-bcdd-2eda883649b0"}
{"level":"http","message":"POST /api/v1/stays/quotes 502 870 - 553.078 ms","timestamp":"2026-05-27T06:39:12.007Z"}
{"level":"http","message":"POST /api/v1/stays/search 200 - - 448.048 ms","timestamp":"2026-05-27T06:40:08.437Z"}
{"level":"info","message":"[SUPABASE] client initilaized","project":"https://optmuucjztmopaskriyo.supabase.co","timestamp":"2026-05-27T06:44:49.432Z"}
{"level":"info","message":"[Duffel] Client initalized - mode: TEST 🟡","timestamp":"2026-05-27T06:44:49.512Z"}
{"level":"info","message":"[Payment] Provider: Stripe (Development Mode)","timestamp":"2026-05-27T06:44:49.560Z"}
{"api":"/api/v1","env":"development","level":"info","message":"OTA Server running on port 5000","timestamp":"2026-05-27T06:44:49.571Z"}
{"level":"info","message":"[SUPABASE] client initilaized","project":"https://optmuucjztmopaskriyo.supabase.co","timestamp":"2026-05-27T06:45:22.928Z"}
{"level":"info","message":"[Duffel] Client initalized - mode: TEST 🟡","timestamp":"2026-05-27T06:45:22.997Z"}
{"level":"info","message":"[Payment] Provider: Stripe (Development Mode)","timestamp":"2026-05-27T06:45:23.035Z"}
{"api":"/api/v1","env":"development","level":"info","message":"OTA Server running on port 5000","timestamp":"2026-05-27T06:45:23.045Z"}
{"level":"info","message":"[SUPABASE] client initilaized","project":"https://optmuucjztmopaskriyo.supabase.co","timestamp":"2026-05-27T06:45:27.991Z"}
{"level":"info","message":"[Duffel] Client initalized - mode: TEST 🟡","timestamp":"2026-05-27T06:45:28.072Z"}
{"level":"info","message":"[Payment] Provider: Stripe (Development Mode)","timestamp":"2026-05-27T06:45:28.159Z"}
{"api":"/api/v1","env":"development","level":"info","message":"OTA Server running on port 5000","timestamp":"2026-05-27T06:45:28.168Z"}
{"level":"info","message":"[SUPABASE] client initilaized","project":"https://optmuucjztmopaskriyo.supabase.co","timestamp":"2026-05-27T06:47:36.869Z"}
{"level":"info","message":"[Duffel] Client initalized - mode: TEST 🟡","timestamp":"2026-05-27T06:47:36.934Z"}
{"level":"info","message":"[Payment] Provider: Stripe (Development Mode)","timestamp":"2026-05-27T06:47:36.974Z"}
{"api":"/api/v1","env":"development","level":"info","message":"OTA Server running on port 5000","timestamp":"2026-05-27T06:47:36.984Z"}
{"level":"info","message":"[SUPABASE] client initilaized","project":"https://optmuucjztmopaskriyo.supabase.co","timestamp":"2026-05-27T06:48:07.508Z"}
{"level":"info","message":"[Duffel] Client initalized - mode: TEST 🟡","timestamp":"2026-05-27T06:48:07.572Z"}
{"level":"info","message":"[Payment] Provider: Stripe (Development Mode)","timestamp":"2026-05-27T06:48:07.613Z"}
{"api":"/api/v1","env":"development","level":"info","message":"OTA Server running on port 5000","timestamp":"2026-05-27T06:48:07.622Z"}
{"level":"info","message":"[SUPABASE] client initilaized","project":"https://optmuucjztmopaskriyo.supabase.co","timestamp":"2026-05-27T06:48:16.948Z"}
{"level":"info","message":"[Duffel] Client initalized - mode: TEST 🟡","timestamp":"2026-05-27T06:48:17.014Z"}
{"level":"info","message":"[Payment] Provider: Stripe (Development Mode)","timestamp":"2026-05-27T06:48:17.051Z"}
{"api":"/api/v1","env":"development","level":"info","message":"OTA Server running on port 5000","timestamp":"2026-05-27T06:48:17.062Z"}
{"level":"info","message":"[SUPABASE] client initilaized","project":"https://optmuucjztmopaskriyo.supabase.co","timestamp":"2026-05-27T06:48:25.951Z"}
{"level":"info","message":"[Duffel] Client initalized - mode: TEST 🟡","timestamp":"2026-05-27T06:48:26.045Z"}
{"level":"info","message":"[Payment] Provider: Stripe (Development Mode)","timestamp":"2026-05-27T06:48:26.081Z"}
{"api":"/api/v1","env":"development","level":"info","message":"OTA Server running on port 5000","timestamp":"2026-05-27T06:48:26.090Z"}
{"level":"info","message":"[SUPABASE] client initilaized","project":"https://optmuucjztmopaskriyo.supabase.co","timestamp":"2026-05-27T06:48:40.509Z"}
{"level":"info","message":"[Duffel] Client initalized - mode: TEST 🟡","timestamp":"2026-05-27T06:48:40.574Z"}
{"level":"info","message":"[Payment] Provider: Stripe (Development Mode)","timestamp":"2026-05-27T06:48:40.614Z"}
{"api":"/api/v1","env":"development","level":"info","message":"OTA Server running on port 5000","timestamp":"2026-05-27T06:48:40.623Z"}
{"level":"info","message":"[SUPABASE] client initilaized","project":"https://optmuucjztmopaskriyo.supabase.co","timestamp":"2026-05-27T06:48:57.262Z"}
{"level":"info","message":"[Duffel] Client initalized - mode: TEST 🟡","timestamp":"2026-05-27T06:48:57.354Z"}
{"level":"info","message":"[Payment] Provider: Stripe (Development Mode)","timestamp":"2026-05-27T06:48:57.401Z"}
{"api":"/api/v1","env":"development","level":"info","message":"OTA Server running on port 5000","timestamp":"2026-05-27T06:48:57.413Z"}
{"level":"http","message":"POST /api/v1/stays/search 200 - - 833.745 ms","timestamp":"2026-05-27T06:49:03.780Z"}
{"level":"info","message":"[SUPABASE] client initilaized","project":"https://optmuucjztmopaskriyo.supabase.co","timestamp":"2026-05-27T06:49:20.977Z"}
{"level":"info","message":"[Duffel] Client initalized - mode: TEST 🟡","timestamp":"2026-05-27T06:49:21.040Z"}
{"level":"info","message":"[Payment] Provider: Stripe (Development Mode)","timestamp":"2026-05-27T06:49:21.079Z"}
{"api":"/api/v1","env":"development","level":"info","message":"OTA Server running on port 5000","timestamp":"2026-05-27T06:49:21.087Z"}
{"level":"http","message":"POST /api/v1/stays/search 200 - - 505.428 ms","timestamp":"2026-05-27T06:49:25.072Z"}
{"ip":"::1","level":"error","message":"[GET] /api/v1/stays/results/srr_0000B6iL6g1PaFvHzIHqZM/rates (data.rate_plans || data.rooms || []).map is not a function","timestamp":"2026-05-27T06:50:26.139Z","userId":"unauthenticated"}
{"level":"http","message":"GET /api/v1/stays/results/srr_0000B6iL6g1PaFvHzIHqZM/rates 500 470 - 491.748 ms","timestamp":"2026-05-27T06:50:26.140Z"}
{"level":"info","message":"[SUPABASE] client initilaized","project":"https://optmuucjztmopaskriyo.supabase.co","timestamp":"2026-05-27T06:51:48.491Z"}
{"level":"info","message":"[Duffel] Client initalized - mode: TEST 🟡","timestamp":"2026-05-27T06:51:48.560Z"}
{"level":"info","message":"[Payment] Provider: Stripe (Development Mode)","timestamp":"2026-05-27T06:51:48.600Z"}
{"api":"/api/v1","env":"development","level":"info","message":"OTA Server running on port 5000","timestamp":"2026-05-27T06:51:48.609Z"}
{"level":"http","message":"GET /api/v1/stays/results/srr_0000B6iL6g1PaFvHzIHqZM/rates 200 - - 673.797 ms","timestamp":"2026-05-27T06:51:52.982Z"}
{"ip":"::1","level":"error","message":"[POST] /api/v1/stays/quotes Field 'rate_id' is invalid","statusCode":502,"timestamp":"2026-05-27T06:53:10.585Z","userId":"436fb210-e8e0-466b-bcdd-2eda883649b0"}
{"level":"http","message":"POST /api/v1/stays/quotes 502 870 - 442.341 ms","timestamp":"2026-05-27T06:53:10.587Z"}
{"level":"info","message":"[SUPABASE] client initilaized","project":"https://optmuucjztmopaskriyo.supabase.co","timestamp":"2026-05-27T06:54:28.085Z"}
{"level":"info","message":"[Duffel] Client initalized - mode: TEST 🟡","timestamp":"2026-05-27T06:54:28.158Z"}
{"level":"info","message":"[Payment] Provider: Stripe (Development Mode)","timestamp":"2026-05-27T06:54:28.204Z"}
{"api":"/api/v1","env":"development","level":"info","message":"OTA Server running on port 5000","timestamp":"2026-05-27T06:54:28.213Z"}
{"level":"http","message":"POST /api/v1/stays/quotes 201 201 - 788.611 ms","timestamp":"2026-05-27T06:54:32.592Z"}
{"level":"http","message":"POST /api/v1/stays/quotes 201 201 - 602.168 ms","timestamp":"2026-05-27T06:54:52.453Z"}
{"bookingId":"00ad0a99-5cd5-4bfd-bc3e-e945cf444317","level":"info","message":"[StayService] Booking initiated: OTA-HTL-20260527-52MJ","timestamp":"2026-05-27T06:56:56.545Z"}
{"level":"http","message":"POST /api/v1/stays/book 201 245 - 2629.014 ms","timestamp":"2026-05-27T06:56:56.546Z"}
{"bookingId":"cdd2822c-63ad-4868-b1ec-b47588bf2d56","level":"info","message":"[StayService] Booking initiated: OTA-HTL-20260527-NNAU","timestamp":"2026-05-27T06:57:11.364Z"}
{"level":"http","message":"POST /api/v1/stays/book 201 245 - 1716.414 ms","timestamp":"2026-05-27T06:57:11.366Z"}
{"level":"info","message":"[PaymentService] Payment initiated for OTA-HTL-20260527-NNAU via stripe","timestamp":"2026-05-27T06:58:12.663Z"}
{"level":"http","message":"POST /api/v1/payments/initiate 201 772 - 1912.745 ms","timestamp":"2026-05-27T06:58:12.663Z"}
{"ip":"::1","level":"error","message":"[GET] /api/v1/stays/booking/cdd2822c-63ad-4868-b1ec-b47588bf2d56/confirm Route not found: GET /api/v1/stays/booking/cdd2822c-63ad-4868-b1ec-b47588bf2d56/confirm","statusCode":404,"timestamp":"2026-05-27T07:00:19.946Z","userId":"unauthenticated"}
{"level":"http","message":"GET /api/v1/stays/booking/cdd2822c-63ad-4868-b1ec-b47588bf2d56/confirm 404 - - 2.167 ms","timestamp":"2026-05-27T07:00:19.950Z"}
{"ip":"::1","level":"error","message":"[POST] /api/v1/stays/booking/cdd2822c-63ad-4868-b1ec-b47588bf2d56/confirm Authentication required. Please provide a valid Bearer token.","statusCode":500,"timestamp":"2026-05-27T07:00:59.339Z","userId":"unauthenticated"}
{"level":"http","message":"POST /api/v1/stays/booking/cdd2822c-63ad-4868-b1ec-b47588bf2d56/confirm 500 - - 0.802 ms","timestamp":"2026-05-27T07:00:59.340Z"}
{"ip":"::1","level":"error","message":"[POST] /api/v1/stays/booking/cdd2822c-63ad-4868-b1ec-b47588bf2d56/confirm Field 'phone_number' can't be blank","statusCode":502,"timestamp":"2026-05-27T07:01:11.953Z","userId":"436fb210-e8e0-466b-bcdd-2eda883649b0"}
{"level":"http","message":"POST /api/v1/stays/booking/cdd2822c-63ad-4868-b1ec-b47588bf2d56/confirm 502 - - 1561.701 ms","timestamp":"2026-05-27T07:01:11.954Z"}
{"ip":"::1","level":"error","message":"[POST] /api/v1/stays/booking/cdd2822c-63ad-4868-b1ec-b47588bf2d56/confirm Field 'phone_number' can't be blank","statusCode":502,"timestamp":"2026-05-27T07:02:26.272Z","userId":"436fb210-e8e0-466b-bcdd-2eda883649b0"}
{"level":"http","message":"POST /api/v1/stays/booking/cdd2822c-63ad-4868-b1ec-b47588bf2d56/confirm 502 - - 782.938 ms","timestamp":"2026-05-27T07:02:26.274Z"}
{"ip":"::1","level":"error","message":"[POST] /api/v1/stays/booking/cdd2822c-63ad-4868-b1ec-b47588bf2d56/confirm Field 'phone_number' can't be blank","statusCode":502,"timestamp":"2026-05-27T07:02:32.134Z","userId":"436fb210-e8e0-466b-bcdd-2eda883649b0"}
{"level":"http","message":"POST /api/v1/stays/booking/cdd2822c-63ad-4868-b1ec-b47588bf2d56/confirm 502 - - 807.526 ms","timestamp":"2026-05-27T07:02:32.136Z"}
{"level":"info","message":"[SUPABASE] client initilaized","project":"https://optmuucjztmopaskriyo.supabase.co","timestamp":"2026-05-27T07:03:55.802Z"}
{"level":"info","message":"[Duffel] Client initalized - mode: TEST 🟡","timestamp":"2026-05-27T07:03:55.910Z"}
{"level":"info","message":"[Payment] Provider: Stripe (Development Mode)","timestamp":"2026-05-27T07:03:55.979Z"}
{"api":"/api/v1","env":"development","level":"info","message":"OTA Server running on port 5000","timestamp":"2026-05-27T07:03:55.990Z"}
{"level":"info","message":"[StayServices] Booking confirmed: OTA-HTL-20260527-NNAU","timestamp":"2026-05-27T07:04:06.435Z"}
{"level":"http","message":"POST /api/v1/stays/booking/cdd2822c-63ad-4868-b1ec-b47588bf2d56/confirm 200 244 - 2436.351 ms","timestamp":"2026-05-27T07:04:06.439Z"}
{"ip":"::1","level":"error","message":"[GET] /api/v1/stays/bookings/cdd2822c-63ad-4868-b1ec-b47588bf2d56 Authentication required. Please provide a valid Bearer token.","statusCode":500,"timestamp":"2026-05-27T07:04:39.287Z","userId":"unauthenticated"}
{"level":"http","message":"GET /api/v1/stays/bookings/cdd2822c-63ad-4868-b1ec-b47588bf2d56 500 - - 1.993 ms","timestamp":"2026-05-27T07:04:39.290Z"}
{"level":"http","message":"GET /api/v1/stays/bookings/cdd2822c-63ad-4868-b1ec-b47588bf2d56 200 - - 637.159 ms","timestamp":"2026-05-27T07:04:46.352Z"}
{"level":"http","message":"GET /api/v1/stays/bookings?page=1&limit=10 200 - - 456.291 ms","timestamp":"2026-05-27T07:05:12.174Z"}
{"level":"http","message":"POST /api/v1/stays/bookings/cdd2822c-63ad-4868-b1ec-b47588bf2d56/cancel 200 170 - 1279.668 ms","timestamp":"2026-05-27T07:05:53.539Z"}
{"level":"http","message":"GET /api/v1/health 200 135 - 0.320 ms","timestamp":"2026-05-27T07:06:09.523Z"}
{"level":"info","message":"[SUPABASE] client initilaized","project":"https://optmuucjztmopaskriyo.supabase.co","timestamp":"2026-05-27T07:11:05.549Z"}
{"level":"info","message":"[Duffel] Client initalized - mode: TEST 🟡","timestamp":"2026-05-27T07:11:05.623Z"}
{"level":"info","message":"[Payment] Provider: Stripe (Development Mode)","timestamp":"2026-05-27T07:11:05.674Z"}
{"api":"/api/v1","env":"development","level":"info","message":"OTA Server running on port 5000","timestamp":"2026-05-27T07:11:05.684Z"}
{"level":"info","message":"[SUPABASE] client initilaized","project":"https://optmuucjztmopaskriyo.supabase.co","timestamp":"2026-05-27T07:24:32.083Z"}
{"level":"info","message":"[Duffel] Client initalized - mode: TEST 🟡","timestamp":"2026-05-27T07:24:32.153Z"}
{"level":"info","message":"[Payment] Provider: Stripe (Development Mode)","timestamp":"2026-05-27T07:24:32.196Z"}
{"api":"/api/v1","env":"development","level":"info","message":"OTA Server running on port 5000","timestamp":"2026-05-27T07:24:32.205Z"}
{"error":"Could not find the 'ip_address' column of 'activity_logs' in the schema cache","level":"error","message":"[DB] insert error on activity_logs","timestamp":"2026-05-27T07:25:17.726Z"}
{"details":null,"isOperational":true,"level":"warn","message":"Failed to log activity Failed to create new activity_logs record: Could not find the 'ip_address' column of 'activity_logs' in the schema cache","stack":"Error: Failed to create new activity_logs record: Could not find the 'ip_address' column of 'activity_logs' in the schema cache\n    at Object.insert (E:\\git clone\\OTA\\backend\\src\\database\\db.js:76:11)\n    at process.processTicksAndRejections (node:internal/process/task_queues:104:5)\n    at async Object.register (E:\\git clone\\OTA\\backend\\src\\services\\auth.services.js:146:5)\n    at async E:\\git clone\\OTA\\backend\\src\\controllers\\auth.controller.js:10:18","statusCode":500,"timestamp":"2026-05-27T07:25:17.727Z"}
{"email":"akshatnautiyal12@gmail.com","level":"info","message":"[Auth] New user registered","timestamp":"2026-05-27T07:25:17.727Z","userId":"ec336333-88aa-495c-8f9c-d651c7390a17"}
{"level":"http","message":"POST /api/v1/auth/register 201 - - 2933.387 ms","timestamp":"2026-05-27T07:25:17.730Z"}
{"error":"Forbidden","level":"error","message":"[Email] Failed to send \"Verify your email address\" → akshatnautiyal12@gmail.com","timestamp":"2026-05-27T07:25:18.777Z"}
{"email":"akshatnautiyal12@gmail.com","err":"Forbidden","level":"error","message":"[EmailService] emailVerification failed","timestamp":"2026-05-27T07:25:18.778Z"}
{"level":"info","message":"[SUPABASE] client initilaized","project":"https://optmuucjztmopaskriyo.supabase.co","timestamp":"2026-05-27T07:53:31.530Z"}
{"level":"info","message":"[Duffel] Client initalized - mode: TEST 🟡","timestamp":"2026-05-27T07:53:31.636Z"}
{"level":"info","message":"[Payment] Provider: Stripe (Development Mode)","timestamp":"2026-05-27T07:53:31.703Z"}
{"api":"/api/v1","env":"development","level":"info","message":"OTA Server running on port 5000","timestamp":"2026-05-27T07:53:31.714Z"}
{"level":"info","message":"[SUPABASE] client initilaized","project":"https://optmuucjztmopaskriyo.supabase.co","timestamp":"2026-05-27T09:23:44.402Z"}
{"level":"info","message":"[Duffel] Client initalized - mode: TEST 🟡","timestamp":"2026-05-27T09:23:44.480Z"}
{"level":"info","message":"[Payment] Provider: Stripe (Development Mode)","timestamp":"2026-05-27T09:23:44.533Z"}
{"api":"/api/v1","env":"development","level":"info","message":"OTA Server running on port 5000","timestamp":"2026-05-27T09:23:44.542Z"}
{"error":"Could not find the 'ip_address' column of 'activity_logs' in the schema cache","level":"error","message":"[DB] insert error on activity_logs","timestamp":"2026-05-27T09:24:03.649Z"}
{"details":null,"isOperational":true,"level":"warn","message":"Failed to log activity Failed to create new activity_logs record: Could not find the 'ip_address' column of 'activity_logs' in the schema cache","stack":"Error: Failed to create new activity_logs record: Could not find the 'ip_address' column of 'activity_logs' in the schema cache\n    at Object.insert (E:\\git clone\\OTA\\backend\\src\\database\\db.js:76:11)\n    at process.processTicksAndRejections (node:internal/process/task_queues:104:5)\n    at async Object.register (E:\\git clone\\OTA\\backend\\src\\services\\auth.services.js:146:5)\n    at async E:\\git clone\\OTA\\backend\\src\\controllers\\auth.controller.js:10:18","statusCode":500,"timestamp":"2026-05-27T09:24:03.650Z"}
{"email":"akshatnautiyal81@gmail.com","level":"info","message":"[Auth] New user registered","timestamp":"2026-05-27T09:24:03.651Z","userId":"b4a000f0-0860-472e-8dae-23c5a29441b1"}
{"level":"http","message":"POST /api/v1/auth/register 201 - - 5825.386 ms","timestamp":"2026-05-27T09:24:03.657Z"}
{"level":"info","message":"[Email] Sent \"Verify your email address\" → akshatnautiyal81@gmail.com","timestamp":"2026-05-27T09:24:04.697Z"}
{"level":"info","message":"[SUPABASE] client initilaized","project":"https://optmuucjztmopaskriyo.supabase.co","timestamp":"2026-05-27T09:27:59.855Z"}
{"level":"info","message":"[Duffel] Client initalized - mode: TEST 🟡","timestamp":"2026-05-27T09:27:59.922Z"}
{"level":"info","message":"[Payment] Provider: Stripe (Development Mode)","timestamp":"2026-05-27T09:27:59.960Z"}
{"api":"/api/v1","env":"development","level":"info","message":"OTA Server running on port 5000","timestamp":"2026-05-27T09:27:59.968Z"}
{"error":"Could not find the 'ip_address' column of 'activity_logs' in the schema cache","level":"error","message":"[DB] insert error on activity_logs","timestamp":"2026-05-27T09:38:21.611Z"}
{"details":null,"isOperational":true,"level":"warn","message":"Failed to log activity Failed to create new activity_logs record: Could not find the 'ip_address' column of 'activity_logs' in the schema cache","stack":"Error: Failed to create new activity_logs record: Could not find the 'ip_address' column of 'activity_logs' in the schema cache\n    at Object.insert (E:\\git clone\\OTA\\backend\\src\\database\\db.js:76:11)\n    at process.processTicksAndRejections (node:internal/process/task_queues:104:5)\n    at async Object.register (E:\\git clone\\OTA\\backend\\src\\services\\auth.services.js:146:5)\n    at async E:\\git clone\\OTA\\backend\\src\\controllers\\auth.controller.js:10:18","statusCode":500,"timestamp":"2026-05-27T09:38:21.611Z"}
{"email":"akshatnautiyal81@gmail.com","level":"info","message":"[Auth] New user registered","timestamp":"2026-05-27T09:38:21.611Z","userId":"b8ce9862-9918-4a25-9842-6b0849872680"}
{"level":"http","message":"POST /api/v1/auth/register 201 - - 2492.698 ms","timestamp":"2026-05-27T09:38:21.616Z"}
{"level":"info","message":"[Email] Sent \"Verify your email address\" → akshatnautiyal81@gmail.com","timestamp":"2026-05-27T09:38:22.195Z"}
{"level":"http","message":"GET /api/v1/auth/verify-email?token=130dd67b1925b3defb31e3384fbf9a3f733b71e5f4723a28591bf2f472a41a12 200 82 - 1470.633 ms","timestamp":"2026-05-27T09:40:08.543Z"}
{"ip":"::1","level":"error","message":"[POST] /api/v1/auth/register Validation failed","statusCode":422,"timestamp":"2026-05-27T09:41:57.464Z","userId":"unauthenticated"}
{"level":"http","message":"POST /api/v1/auth/register 422 741 - 3.991 ms","timestamp":"2026-05-27T09:41:57.466Z"}
{"level":"info","message":"[SUPABASE] client initilaized","project":"https://optmuucjztmopaskriyo.supabase.co","timestamp":"2026-05-27T09:43:47.855Z"}
{"level":"info","message":"[Duffel] Client initalized - mode: TEST 🟡","timestamp":"2026-05-27T09:43:47.957Z"}
{"level":"info","message":"[Payment] Provider: Stripe (Development Mode)","timestamp":"2026-05-27T09:43:48.031Z"}
{"api":"/api/v1","env":"development","level":"info","message":"OTA Server running on port 5000","timestamp":"2026-05-27T09:43:48.043Z"}
{"level":"http","message":"POST /api/v1/auth/logout 200 53 - 6.708 ms","timestamp":"2026-05-27T09:43:51.442Z"}
{"ip":"::1","level":"error","message":"[POST] /api/v1/auth/register Validation failed","statusCode":422,"timestamp":"2026-05-27T09:44:01.110Z","userId":"unauthenticated"}
{"level":"http","message":"POST /api/v1/auth/register 422 741 - 12.808 ms","timestamp":"2026-05-27T09:44:01.111Z"}
{"ip":"::1","level":"error","message":"[POST] /api/v1/auth/register Validation failed","statusCode":422,"timestamp":"2026-05-27T09:44:16.680Z","userId":"unauthenticated"}
{"level":"http","message":"POST /api/v1/auth/register 422 741 - 3.266 ms","timestamp":"2026-05-27T09:44:16.681Z"}
{"error":"Could not find the 'ip_address' column of 'activity_logs' in the schema cache","level":"error","message":"[DB] insert error on activity_logs","timestamp":"2026-05-27T09:44:30.477Z"}
{"details":null,"isOperational":true,"level":"warn","message":"Failed to log activity Failed to create new activity_logs record: Could not find the 'ip_address' column of 'activity_logs' in the schema cache","stack":"Error: Failed to create new activity_logs record: Could not find the 'ip_address' column of 'activity_logs' in the schema cache\n    at Object.insert (E:\\git clone\\OTA\\backend\\src\\database\\db.js:76:11)\n    at process.processTicksAndRejections (node:internal/process/task_queues:104:5)\n    at async Object.register (E:\\git clone\\OTA\\backend\\src\\services\\auth.services.js:146:5)\n    at async E:\\git clone\\OTA\\backend\\src\\controllers\\auth.controller.js:10:18","statusCode":500,"timestamp":"2026-05-27T09:44:30.477Z"}
{"email":"shivambhandari51@gmail.com","level":"info","message":"[Auth] New user registered","timestamp":"2026-05-27T09:44:30.478Z","userId":"9c923ba2-d835-4086-98be-8d1602bb2f0a"}
{"level":"http","message":"POST /api/v1/auth/register 201 - - 2459.847 ms","timestamp":"2026-05-27T09:44:30.480Z"}
{"level":"info","message":"[Email] Sent \"Verify your email address\" → shivambhandari51@gmail.com","timestamp":"2026-05-27T09:44:31.639Z"}
{"error":"permission denied for table activity_logs","level":"error","message":"[DB] insert error on activity_logs","timestamp":"2026-05-27T09:46:25.989Z"}
{"details":null,"isOperational":true,"level":"warn","message":"Failed to log activity Failed to create new activity_logs record: permission denied for table activity_logs","stack":"Error: Failed to create new activity_logs record: permission denied for table activity_logs\n    at Object.insert (E:\\git clone\\OTA\\backend\\src\\database\\db.js:76:11)\n    at process.processTicksAndRejections (node:internal/process/task_queues:104:5)\n    at async Object.login (E:\\git clone\\OTA\\backend\\src\\services\\auth.services.js:269:5)\n    at async E:\\git clone\\OTA\\backend\\src\\controllers\\auth.controller.js:16:18","statusCode":500,"timestamp":"2026-05-27T09:46:25.989Z"}
{"email":"testuser@example.com","level":"info","message":"[Auth] User logged in","timestamp":"2026-05-27T09:46:25.990Z","userId":"436fb210-e8e0-466b-bcdd-2eda883649b0"}
{"level":"http","message":"POST /api/v1/auth/login 200 1017 - 1736.070 ms","timestamp":"2026-05-27T09:46:25.991Z"}
{"level":"info","message":"[SUPABASE] client initilaized","project":"https://optmuucjztmopaskriyo.supabase.co","timestamp":"2026-05-27T10:34:58.313Z"}
{"level":"info","message":"[Duffel] Client initalized - mode: TEST 🟡","timestamp":"2026-05-27T10:34:58.426Z"}
{"level":"info","message":"[Payment] Provider: Stripe (Development Mode)","timestamp":"2026-05-27T10:34:58.503Z"}
{"api":"/api/v1","env":"development","level":"info","message":"OTA Server running on port 5000","timestamp":"2026-05-27T10:34:58.517Z"}
{"level":"http","message":"POST /api/v1/stays/search 200 - - 566.669 ms","timestamp":"2026-05-27T10:35:03.071Z"}
{"level":"http","message":"POST /api/v1/stays/search 200 - - 697.693 ms","timestamp":"2026-05-27T10:38:06.864Z"}
{"level":"info","message":"[SUPABASE] client initilaized","project":"https://optmuucjztmopaskriyo.supabase.co","timestamp":"2026-05-27T10:40:19.927Z"}
{"level":"info","message":"[Duffel] Client initalized - mode: TEST 🟡","timestamp":"2026-05-27T10:40:19.991Z"}
{"level":"info","message":"[Payment] Provider: Stripe (Development Mode)","timestamp":"2026-05-27T10:40:20.029Z"}
{"api":"/api/v1","env":"development","level":"info","message":"OTA Server running on port 5000","timestamp":"2026-05-27T10:40:20.037Z"}
{"ip":"::1","level":"error","message":"[POST] /api/v1/stays/search Validation failed","statusCode":422,"timestamp":"2026-05-27T10:40:39.683Z","userId":"unauthenticated"}
{"level":"http","message":"POST /api/v1/stays/search 422 985 - 7.293 ms","timestamp":"2026-05-27T10:40:39.689Z"}
{"level":"http","message":"POST /api/v1/stays/search 200 - - 806.228 ms","timestamp":"2026-05-27T10:40:44.564Z"}
{"level":"http","message":"GET /api/v1/stays/accommodations/acc_0000AWr2VsUNIF1Vl91xg0 200 - - 491.832 ms","timestamp":"2026-05-27T10:48:28.950Z"}
{"ip":"::1","level":"error","message":"[GET] /api/v1/stays/results/srr_0000B6iL6g1PaFvHzIHqZM/rates The resource you are trying to access does not exist.","statusCode":502,"timestamp":"2026-05-27T10:48:49.346Z","userId":"unauthenticated"}
{"level":"http","message":"GET /api/v1/stays/results/srr_0000B6iL6g1PaFvHzIHqZM/rates 502 903 - 691.044 ms","timestamp":"2026-05-27T10:48:49.347Z"}
{"ip":"::1","level":"error","message":"[GET] /api/v1/stays/results/srr_0000B6ifkecEMSDUMJzYKO Route not found: GET /api/v1/stays/results/srr_0000B6ifkecEMSDUMJzYKO","statusCode":404,"timestamp":"2026-05-27T10:49:26.356Z","userId":"unauthenticated"}
{"level":"http","message":"GET /api/v1/stays/results/srr_0000B6ifkecEMSDUMJzYKO 404 - - 1.087 ms","timestamp":"2026-05-27T10:49:26.358Z"}
{"ip":"::1","level":"error","message":"[POST] /api/v1/stays/results/srr_0000B6ifkecEMSDUMJzYKO Route not found: POST /api/v1/stays/results/srr_0000B6ifkecEMSDUMJzYKO","statusCode":404,"timestamp":"2026-05-27T10:49:34.891Z","userId":"unauthenticated"}
{"level":"http","message":"POST /api/v1/stays/results/srr_0000B6ifkecEMSDUMJzYKO 404 - - 0.738 ms","timestamp":"2026-05-27T10:49:34.893Z"}
{"ip":"::1","level":"error","message":"[GET] /api/v1/stays/results/srr_0000B6ifkecEMSDUMJzYKO Route not found: GET /api/v1/stays/results/srr_0000B6ifkecEMSDUMJzYKO","statusCode":404,"timestamp":"2026-05-27T10:49:40.880Z","userId":"unauthenticated"}
{"level":"http","message":"GET /api/v1/stays/results/srr_0000B6ifkecEMSDUMJzYKO 404 - - 0.752 ms","timestamp":"2026-05-27T10:49:40.883Z"}
{"ip":"::1","level":"error","message":"[GET] /api/v1/stays/results/srr_0000B6ifkecEMSDUMJzYKO Route not found: GET /api/v1/stays/results/srr_0000B6ifkecEMSDUMJzYKO","statusCode":404,"timestamp":"2026-05-27T10:49:53.611Z","userId":"unauthenticated"}
{"level":"http","message":"GET /api/v1/stays/results/srr_0000B6ifkecEMSDUMJzYKO 404 - - 0.544 ms","timestamp":"2026-05-27T10:49:53.612Z"}
{"ip":"::1","level":"error","message":"[GET] /api/v1/stays/results/srr_0000B6ifkecEMSDUMJzYKO Route not found: GET /api/v1/stays/results/srr_0000B6ifkecEMSDUMJzYKO","statusCode":404,"timestamp":"2026-05-27T10:50:47.295Z","userId":"unauthenticated"}
{"level":"http","message":"GET /api/v1/stays/results/srr_0000B6ifkecEMSDUMJzYKO 404 - - 0.539 ms","timestamp":"2026-05-27T10:50:47.296Z"}
{"ip":"::1","level":"error","message":"[GET] /api/v1/stays/quotes Route not found: GET /api/v1/stays/quotes","statusCode":404,"timestamp":"2026-05-27T10:52:19.574Z","userId":"unauthenticated"}
{"level":"http","message":"GET /api/v1/stays/quotes 404 - - 0.750 ms","timestamp":"2026-05-27T10:52:19.576Z"}
{"ip":"::1","level":"error","message":"[POST] /api/v1/stays/quotes Something went wrong. Please contact our support team and attach the `request_id` to your message if the error persists. You should not retry this request.","statusCode":502,"timestamp":"2026-05-27T10:52:25.185Z","userId":"436fb210-e8e0-466b-bcdd-2eda883649b0"}
{"level":"http","message":"POST /api/v1/stays/quotes 502 - - 448.901 ms","timestamp":"2026-05-27T10:52:25.188Z"}
{"level":"http","message":"GET /api/v1/stays/accommodations/acc_0000AWr2VsUNIF1Vl91xg0 200 - - 518.508 ms","timestamp":"2026-05-27T10:52:59.277Z"}
{"ip":"::1","level":"error","message":"[POST] /api/v1/stays/quotes Something went wrong. Please contact our support team and attach the `request_id` to your message if the error persists. You should not retry this request.","statusCode":502,"timestamp":"2026-05-27T10:53:30.544Z","userId":"436fb210-e8e0-466b-bcdd-2eda883649b0"}
{"level":"http","message":"POST /api/v1/stays/quotes 502 - - 1330.924 ms","timestamp":"2026-05-27T10:53:30.545Z"}
{"level":"http","message":"GET /api/v1/stays/results/srr_0000B6ifkecEMSDUMJzYKO/rates 200 - - 644.524 ms","timestamp":"2026-05-27T10:54:58.734Z"}
{"level":"http","message":"POST /api/v1/stays/quotes 201 201 - 587.629 ms","timestamp":"2026-05-27T10:55:41.949Z"}
{"bookingId":"8c0c0830-7f34-49be-b6cd-efffd8190648","level":"info","message":"[StayService] Booking initiated: OTA-HTL-20260527-BTSY","timestamp":"2026-05-27T10:55:58.782Z"}
{"level":"http","message":"POST /api/v1/stays/book 201 245 - 2713.374 ms","timestamp":"2026-05-27T10:55:58.783Z"}
{"level":"http","message":"POST /api/v1/stays/quotes 201 201 - 662.477 ms","timestamp":"2026-05-27T11:05:37.552Z"}
{"level":"http","message":"GET /api/v1/stays/results/srr_0000B6ifkecEMSDUMJzYKO/rates 200 - - 541.775 ms","timestamp":"2026-05-27T11:05:43.282Z"}
{"level":"info","message":"[SUPABASE] client initilaized","project":"https://optmuucjztmopaskriyo.supabase.co","timestamp":"2026-05-27T11:09:06.954Z"}
{"level":"info","message":"[Duffel] Client initalized - mode: TEST 🟡","timestamp":"2026-05-27T11:09:07.017Z"}
{"level":"info","message":"[Payment] Provider: Stripe (Development Mode)","timestamp":"2026-05-27T11:09:07.056Z"}
{"api":"/api/v1","env":"development","level":"info","message":"OTA Server running on port 5000","timestamp":"2026-05-27T11:09:07.064Z"}
{"level":"http","message":"GET /api/v1/stays/results/srr_0000B6ifkecEMSDUMJzYKO/rates 200 - - 724.896 ms","timestamp":"2026-05-27T11:09:18.690Z"}
{"level":"info","message":"[SUPABASE] client initilaized","project":"https://optmuucjztmopaskriyo.supabase.co","timestamp":"2026-05-27T11:11:05.583Z"}
{"level":"info","message":"[Duffel] Client initalized - mode: TEST 🟡","timestamp":"2026-05-27T11:11:05.647Z"}
{"level":"info","message":"[Payment] Provider: Stripe (Development Mode)","timestamp":"2026-05-27T11:11:05.685Z"}
{"api":"/api/v1","env":"development","level":"info","message":"OTA Server running on port 5000","timestamp":"2026-05-27T11:11:05.694Z"}
{"level":"http","message":"POST /api/v1/stays/quotes 201 - - 696.621 ms","timestamp":"2026-05-27T11:11:10.031Z"}
{"level":"http","message":"GET /api/v1/stays/results/srr_0000B6ifkecEMSDUMJzYKO/rates 200 - - 491.900 ms","timestamp":"2026-05-27T11:11:25.311Z"}
{"level":"http","message":"POST /api/v1/stays/quotes 201 - - 600.732 ms","timestamp":"2026-05-27T11:13:54.480Z"}
{"bookingId":"d7cc5098-2891-4e07-a621-16fcf7867bc6","level":"info","message":"[StayService] Booking initiated: OTA-HTL-20260527-ALDW","timestamp":"2026-05-27T11:17:02.789Z"}
{"level":"http","message":"POST /api/v1/stays/book 201 245 - 2446.120 ms","timestamp":"2026-05-27T11:17:02.790Z"}
{"level":"info","message":"[SUPABASE] client initilaized","project":"https://optmuucjztmopaskriyo.supabase.co","timestamp":"2026-05-27T11:19:36.325Z"}
{"level":"info","message":"[Duffel] Client initalized - mode: TEST 🟡","timestamp":"2026-05-27T11:19:36.387Z"}
{"level":"info","message":"[Payment] Provider: Stripe (Development Mode)","timestamp":"2026-05-27T11:19:36.426Z"}
{"api":"/api/v1","env":"development","level":"info","message":"OTA Server running on port 5000","timestamp":"2026-05-27T11:19:36.435Z"}
{"bookingId":"15c4dd89-3ed4-4e73-a53a-04d5b824a9ff","level":"info","message":"[StayService] Booking initiated: OTA-HTL-20260527-LCQQ","timestamp":"2026-05-27T11:19:41.950Z"}
{"level":"http","message":"POST /api/v1/stays/book 201 - - 1722.486 ms","timestamp":"2026-05-27T11:19:41.954Z"}
{"level":"info","message":"[SUPABASE] client initilaized","project":"https://optmuucjztmopaskriyo.supabase.co","timestamp":"2026-05-27T11:23:23.108Z"}
{"level":"info","message":"[Duffel] Client initalized - mode: TEST 🟡","timestamp":"2026-05-27T11:23:23.168Z"}
{"level":"info","message":"[Payment] Provider: Stripe (Development Mode)","timestamp":"2026-05-27T11:23:23.207Z"}
{"api":"/api/v1","env":"development","level":"info","message":"OTA Server running on port 5000","timestamp":"2026-05-27T11:23:23.215Z"}
{"level":"info","message":"[SUPABASE] client initilaized","project":"https://optmuucjztmopaskriyo.supabase.co","timestamp":"2026-05-27T11:23:44.629Z"}
{"level":"info","message":"[Duffel] Client initalized - mode: TEST 🟡","timestamp":"2026-05-27T11:23:44.692Z"}
{"level":"info","message":"[Payment] Provider: Stripe (Development Mode)","timestamp":"2026-05-27T11:23:44.730Z"}
{"api":"/api/v1","env":"development","level":"info","message":"OTA Server running on port 5000","timestamp":"2026-05-27T11:23:44.739Z"}
{"bookingId":"10c4f8da-919c-4301-85da-ffca93fc5743","level":"info","message":"[StayService] Booking initiated: OTA-HTL-20260527-5DUF","timestamp":"2026-05-27T11:24:00.481Z"}
{"level":"http","message":"POST /api/v1/stays/book 201 - - 1857.259 ms","timestamp":"2026-05-27T11:24:00.487Z"}
{"bookingId":"cd4071ed-d137-4aa5-a8ab-e07f625043a4","level":"info","message":"[StayService] Booking initiated: OTA-HTL-20260527-ZOUH","timestamp":"2026-05-27T11:27:45.246Z"}
{"level":"http","message":"POST /api/v1/stays/book 201 - - 1791.329 ms","timestamp":"2026-05-27T11:27:45.248Z"}
{"level":"info","message":"[PaymentService] Payment initiated for OTA-HTL-20260527-ZOUH via stripe","timestamp":"2026-05-27T11:29:42.728Z"}
{"level":"http","message":"POST /api/v1/payments/initiate 201 772 - 2343.302 ms","timestamp":"2026-05-27T11:29:42.730Z"}
{"level":"info","message":"[StayServices] Booking confirmed: OTA-HTL-20260527-ZOUH","timestamp":"2026-05-27T11:32:03.497Z"}
{"level":"http","message":"POST /api/v1/stays/booking/cd4071ed-d137-4aa5-a8ab-e07f625043a4/confirm 200 244 - 2037.264 ms","timestamp":"2026-05-27T11:32:03.499Z"}
{"level":"http","message":"POST /api/v1/stays/booking/cd4071ed-d137-4aa5-a8ab-e07f625043a4/confirm 200 85 - 432.077 ms","timestamp":"2026-05-27T11:33:37.704Z"}
{"level":"http","message":"GET /api/v1/stays/bookings/cd4071ed-d137-4aa5-a8ab-e07f625043a4 200 - - 415.394 ms","timestamp":"2026-05-27T11:33:56.549Z"}
{"level":"info","message":"[SUPABASE] client initilaized","project":"https://optmuucjztmopaskriyo.supabase.co","timestamp":"2026-05-27T11:38:35.993Z"}
{"level":"info","message":"[Duffel] Client initalized - mode: TEST 🟡","timestamp":"2026-05-27T11:38:36.058Z"}
{"level":"info","message":"[Payment] Provider: Stripe (Development Mode)","timestamp":"2026-05-27T11:38:36.097Z"}
{"api":"/api/v1","env":"development","level":"info","message":"OTA Server running on port 5000","timestamp":"2026-05-27T11:38:36.105Z"}
{"level":"http","message":"GET /api/v1/stays/bookings/cd4071ed-d137-4aa5-a8ab-e07f625043a4 200 - - 2457.224 ms","timestamp":"2026-05-27T11:38:40.816Z"}
{"level":"http","message":"GET /api/v1/stays/bookings/cd4071ed-d137-4aa5-a8ab-e07f625043a4 200 - - 1611.995 ms","timestamp":"2026-05-27T11:40:36.014Z"}
{"level":"http","message":"GET /api/v1/stays/bookings/cd4071ed-d137-4aa5-a8ab-e07f625043a4 200 - - 1393.797 ms","timestamp":"2026-05-27T11:45:39.328Z"}
{"level":"info","message":"[SUPABASE] client initilaized","project":"https://optmuucjztmopaskriyo.supabase.co","timestamp":"2026-05-27T11:45:47.336Z"}
{"level":"info","message":"[Duffel] Client initalized - mode: TEST 🟡","timestamp":"2026-05-27T11:45:47.400Z"}
{"level":"info","message":"[Payment] Provider: Stripe (Development Mode)","timestamp":"2026-05-27T11:45:47.436Z"}
{"api":"/api/v1","env":"development","level":"info","message":"OTA Server running on port 5000","timestamp":"2026-05-27T11:45:47.444Z"}
{"level":"http","message":"GET /api/v1/stays/bookings/cd4071ed-d137-4aa5-a8ab-e07f625043a4 200 - - 793.134 ms","timestamp":"2026-05-27T11:45:51.399Z"}
{"level":"http","message":"GET /api/v1/stays/bookings/cd4071ed-d137-4aa5-a8ab-e07f625043a4 200 - - 967.381 ms","timestamp":"2026-05-27T11:46:43.942Z"}
{"level":"http","message":"GET /api/v1/stays/bookings/cd4071ed-d137-4aa5-a8ab-e07f625043a4 200 - - 1110.191 ms","timestamp":"2026-05-27T11:47:45.705Z"}
{"level":"info","message":"[SUPABASE] client initilaized","project":"https://optmuucjztmopaskriyo.supabase.co","timestamp":"2026-05-27T11:47:54.992Z"}
{"level":"info","message":"[Duffel] Client initalized - mode: TEST 🟡","timestamp":"2026-05-27T11:47:55.054Z"}
{"level":"info","message":"[Payment] Provider: Stripe (Development Mode)","timestamp":"2026-05-27T11:47:55.092Z"}
{"api":"/api/v1","env":"development","level":"info","message":"OTA Server running on port 5000","timestamp":"2026-05-27T11:47:55.101Z"}
{"level":"http","message":"GET /api/v1/stays/bookings/cd4071ed-d137-4aa5-a8ab-e07f625043a4 200 - - 822.085 ms","timestamp":"2026-05-27T11:47:59.011Z"}
{"level":"info","message":"[SUPABASE] client initilaized","project":"https://optmuucjztmopaskriyo.supabase.co","timestamp":"2026-05-27T12:17:10.832Z"}
{"level":"info","message":"[Duffel] Client initalized - mode: TEST 🟡","timestamp":"2026-05-27T12:17:10.896Z"}
{"level":"info","message":"[Payment] Provider: Stripe (Development Mode)","timestamp":"2026-05-27T12:17:10.938Z"}
{"api":"/api/v1","env":"development","level":"info","message":"OTA Server running on port 5000","timestamp":"2026-05-27T12:17:10.947Z"}
{"bookingId":"cd4071ed-d137-4aa5-a8ab-e07f625043a4","isRefundable":true,"level":"info","message":"[StayService] Booking cancelled: OTA-HTL-20260527-ZOUH","refundAmount":1343.27,"timestamp":"2026-05-27T12:17:17.810Z"}
{"level":"http","message":"POST /api/v1/stays/bookings/cd4071ed-d137-4aa5-a8ab-e07f625043a4/cancel 200 734 - 3109.310 ms","timestamp":"2026-05-27T12:17:17.814Z"}
